<?xml version="1.0" encoding="UTF-8"?>
<!-- Generated by org.testng.reporters.JUnitXMLReporter -->
<testsuite ignored="1" hostname="DESKTOP-7BSILN1" failures="1" tests="2" name="SignUpTest" time="0.507" errors="0" timestamp="11 Jan 2025 19:15:15 GMT">
  <testcase classname="TestBase.BaseTest" name="@BeforeClass StartSession" time="0.278">
    <failure type="java.lang.RuntimeException" message="Failed to create driver">
      <![CDATA[java.lang.RuntimeException: Failed to create driver
at com.microsoft.playwright.impl.driver.Driver.createAndInstall(Driver.java:105)
at com.microsoft.playwright.impl.driver.Driver.ensureDriverInstalled(Driver.java:57)
at com.microsoft.playwright.impl.PlaywrightImpl.createImpl(PlaywrightImpl.java:46)
at com.microsoft.playwright.impl.PlaywrightImpl.create(PlaywrightImpl.java:36)
at com.microsoft.playwright.Playwright.create(Playwright.java:110)
at com.microsoft.playwright.Playwright.create(Playwright.java:114)
at Pages.PlayWrightFactory.InitiatePlayWrightBrowser(PlayWrightFactory.java:28)
at TestBase.BaseTest.StartSession(BaseTest.java:23)
Caused by: java.io.IOException: Cannot run program "F:\Android\nodejs\node_modules\npm\index.js": CreateProcess error=193, %1 is not a valid Win32 application
at java.base/java.lang.ProcessBuilder.start(ProcessBuilder.java:1170)
at java.base/java.lang.ProcessBuilder.start(ProcessBuilder.java:1089)
at com.microsoft.playwright.impl.driver.jar.DriverJar.installBrowsers(DriverJar.java:92)
at com.microsoft.playwright.impl.driver.jar.DriverJar.initialize(DriverJar.java:68)
at com.microsoft.playwright.impl.driver.Driver.initialize(Driver.java:64)
at com.microsoft.playwright.impl.driver.Driver.createAndInstall(Driver.java:101)
... 35 more
Caused by: java.io.IOException: CreateProcess error=193, %1 is not a valid Win32 application
at java.base/java.lang.ProcessImpl.create(Native Method)
at java.base/java.lang.ProcessImpl.<init>(ProcessImpl.java:500)
at java.base/java.lang.ProcessImpl.start(ProcessImpl.java:159)
at java.base/java.lang.ProcessBuilder.start(ProcessBuilder.java:1126)
... 40 more
... Removed 28 stack frames]]>
    </failure>
  </testcase> <!-- @BeforeClass StartSession -->
  <testcase classname="Tests.SignUp" name="@BeforeMethod NavigateToHomePage" time="0.002">
    <failure type="java.lang.NullPointerException" message="Cannot invoke &amp;quot;com.microsoft.playwright.Page.click(String)&amp;quot; because &amp;quot;coreElements.Links.page&amp;quot; is null">
      <![CDATA[java.lang.NullPointerException: Cannot invoke "com.microsoft.playwright.Page.click(String)" because "coreElements.Links.page" is null
at coreElements.Links.Click(Links.java:16)
at Tests.SignUp.NavigateToHomePage(SignUp.java:25)
... Removed 30 stack frames]]>
    </failure>
  </testcase> <!-- @BeforeMethod NavigateToHomePage -->
  <testcase classname="TestBase.BaseTest" name="@AfterClass EndSession" time="0.001">
    <failure type="java.lang.NullPointerException" message="Cannot invoke &amp;quot;com.microsoft.playwright.Page.context()&amp;quot; because &amp;quot;this.page&amp;quot; is null">
      <![CDATA[java.lang.NullPointerException: Cannot invoke "com.microsoft.playwright.Page.context()" because "this.page" is null
at TestBase.BaseTest.EndSession(BaseTest.java:29)
... Removed 28 stack frames]]>
    </failure>
  </testcase> <!-- @AfterClass EndSession -->
  <testcase classname="Tests.SignUp" name="ValidSignUpThenDelete" time="0.0">
    <skipped/>
  </testcase> <!-- ValidSignUpThenDelete -->
  <testcase classname="Tests.SignUp" name="ValidSignUpThenDelete" time="0.017">
    <failure type="java.lang.NullPointerException" message="Cannot invoke &amp;quot;com.aventstack.extentreports.ExtentTest.skip(String)&amp;quot; because the return value of &amp;quot;java.lang.ThreadLocal.get()&amp;quot; is null">
      <![CDATA[java.lang.NullPointerException: Cannot invoke "com.aventstack.extentreports.ExtentTest.skip(String)" because the return value of "java.lang.ThreadLocal.get()" is null
at ExtentReports.ExtentTestNGListener.onTestSkipped(ExtentTestNGListener.java:55)
... Removed 27 stack frames]]>
    </failure>
  </testcase> <!-- ValidSignUpThenDelete -->
  <testcase classname="Tests.SignUp" name="InvalidRegisterUsingAlreadyRegisteredEmail" time="0.0">
    <ignored/>
  </testcase> <!-- InvalidRegisterUsingAlreadyRegisteredEmail -->
</testsuite> <!-- SignUpTest -->
